<?xml version="1.0" encoding="UTF-8"?>
<testng-results ignored="0" total="1" passed="1" failed="0" skipped="0">
  <reporter-output>
  </reporter-output>
  <suite started-at="2022-12-11T17:02:02 IST" name="Default suite" finished-at="2022-12-11T17:04:53 IST" duration-ms="170849">
    <groups>
    </groups>
    <test started-at="2022-12-11T17:02:02 IST" name="Default test" finished-at="2022-12-11T17:04:53 IST" duration-ms="170849">
      <class name="Appiumframework.testcase1">
        <test-method is-config="true" signature="KillAllProcesses()[pri:0, instance:Appiumframework.testcase1@28f3b248]" started-at="2022-12-11T17:02:02 IST" name="KillAllProcesses" finished-at="2022-12-11T17:03:27 IST" duration-ms="85061" status="PASS">
          <reporter-output>
          </reporter-output>
        </test-method> <!-- KillAllProcesses -->
        <test-method signature="tc1()[pri:0, instance:Appiumframework.testcase1@28f3b248]" started-at="2022-12-11T17:03:27 IST" name="tc1" finished-at="2022-12-11T17:04:53 IST" duration-ms="85670" status="PASS">
          <reporter-output>
          </reporter-output>
        </test-method> <!-- tc1 -->
      </class> <!-- Appiumframework.testcase1 -->
    </test> <!-- Default test -->
  </suite> <!-- Default suite -->
</testng-results>
